<?xml version="1.0" encoding="utf-8"?><testsuites name="pytest tests"><testsuite name="pytest" errors="0" failures="0" skipped="0" tests="28" time="5.828" timestamp="2026-03-08T19:36:17.177215+00:00" hostname="agent-env-c84bbf8c-f2fc-4f03-8632-9b698bcdb59b"><testcase classname="backend.tests.test_gjc_crm_api.TestHealthAndDashboard" name="test_health_endpoint" time="0.230" /><testcase classname="backend.tests.test_gjc_crm_api.TestHealthAndDashboard" name="test_root_endpoint" time="0.118" /><testcase classname="backend.tests.test_gjc_crm_api.TestHealthAndDashboard" name="test_dashboard_kpis" time="0.145" /><testcase classname="backend.tests.test_gjc_crm_api.TestCandidatesModule" name="test_get_all_candidates" time="0.153" /><testcase classname="backend.tests.test_gjc_crm_api.TestCandidatesModule" name="test_candidate_structure" time="0.141" /><testcase classname="backend.tests.test_gjc_crm_api.TestCandidatesModule" name="test_search_candidates" time="0.176" /><testcase classname="backend.tests.test_gjc_crm_api.TestCandidatesModule" name="test_filter_by_nationality" time="0.151" /><testcase classname="backend.tests.test_gjc_crm_api.TestCandidatesModule" name="test_get_candidate_by_id" time="0.252" /><testcase classname="backend.tests.test_gjc_crm_api.TestCandidatesModule" name="test_get_nonexistent_candidate" time="0.109" /><testcase classname="backend.tests.test_gjc_crm_api.TestCandidatesModule" name="test_create_and_delete_candidate" time="0.579" /><testcase classname="backend.tests.test_gjc_crm_api.TestCompaniesModule" name="test_get_all_companies" time="0.110" /><testcase classname="backend.tests.test_gjc_crm_api.TestCompaniesModule" name="test_company_structure" time="0.117" /><testcase classname="backend.tests.test_gjc_crm_api.TestCompaniesModule" name="test_search_companies" time="0.196" /><testcase classname="backend.tests.test_gjc_crm_api.TestCompaniesModule" name="test_get_company_by_id" time="0.254" /><testcase classname="backend.tests.test_gjc_crm_api.TestCompaniesModule" name="test_anaf_lookup_invalid_cui" time="0.229" /><testcase classname="backend.tests.test_gjc_crm_api.TestCompaniesModule" name="test_create_and_delete_company" time="0.276" /><testcase classname="backend.tests.test_gjc_crm_api.TestImmigrationModule" name="test_get_all_cases" time="0.142" /><testcase classname="backend.tests.test_gjc_crm_api.TestImmigrationModule" name="test_case_structure" time="0.113" /><testcase classname="backend.tests.test_gjc_crm_api.TestImmigrationModule" name="test_immigration_stages" time="0.127" /><testcase classname="backend.tests.test_gjc_crm_api.TestImmigrationModule" name="test_create_and_advance_case" time="0.460" /><testcase classname="backend.tests.test_gjc_crm_api.TestAlertsModule" name="test_get_all_alerts" time="0.117" /><testcase classname="backend.tests.test_gjc_crm_api.TestAlertsModule" name="test_alert_structure" time="0.112" /><testcase classname="backend.tests.test_gjc_crm_api.TestAlertsModule" name="test_alert_for_expired_passport" time="0.105" /><testcase classname="backend.tests.test_gjc_crm_api.TestPipelineModule" name="test_get_pipeline" time="0.110" /><testcase classname="backend.tests.test_gjc_crm_api.TestPipelineModule" name="test_create_and_delete_opportunity" time="0.351" /><testcase classname="backend.tests.test_gjc_crm_api.TestDocumentsModule" name="test_get_documents" time="0.203" /><testcase classname="backend.tests.test_gjc_crm_api.TestDocumentsModule" name="test_create_and_delete_document" time="0.402" /><testcase classname="backend.tests.test_gjc_crm_api.TestCandidateAlerts" name="test_get_candidate_alerts" time="0.122" /></testsuite></testsuites>